fill(5, 8) : 8 8 8 8 8 

CTORS
Empty is empty ? true
fill is empty? false
Size of empty 0
Size of fill 5
Size of copy 5
Max size of a real vector 2305843009213693951 0.5 time more than vector
Max size of empty 4611686018427387903
Max size of fill 4611686018427387903
Max size of copy 4611686018427387903

RESIZE
Size of empty 0
Capacity of empty 0
Size of fill 2
Capacity of fill 5
Size of copy 5
Capacity of copy 5
fill is empty now ? true
Size of empty 0
Capacity of empty 0
Size of fill 0
Capacity of fill 5
Size of copy 9
Capacity of copy 9
8 8 8 8 8 3 3 3 3 

RESERVE
Size of empty 0
Capacity of empty 5
Size of fill 0
Capacity of fill 5
Size of copy 9
Capacity of copy 83
8 8 8 8 8 3 3 3 3 

AT
8
vector::at() | Out of range access)

FRONT / BACK
front() of copy : 8
back() of copy : 3

ASSIGN

ASSIGN RANGE

EMPTY
fill is empty ? false
fill at(41) : 7

PUSH/POP_BACK
last elem of fill : 53
last elem of fill : 7

INSERT
0 1 2 3 4 5 6 7 8 9 10 11 12 13 14 
0 1 2 3 42 42 42 42 42 42 42 42 4 5 6 7 8 9 10 11 12 13 14 
Const it : 
0
test : 14

INSERT
0 1 2 3 4 5 6 7 8 9 10 11 12 13 14 
0 1 2 3 42 42 42 42 42 42 42 42 4 5 6 7 8 9 10 11 12 13 14 
const it : 0

INSERT RANGE
0 3 6 9 12 15 18 
0 3 6 9 12 0 1 2 3 42 42 42 42 42 42 42 42 4 5 6 7 8 9 10 11 12 13 14 15 18 

ERASE
 0  2  4  6  8 10 12 14 16 18 20 22 24 26 28 
 0  2  4  6  8 10 12 16 18 20 22 24 26 28 
 0  2 12 16 18 20 22 24 26 28 

SWAP
Size of fill 9
Capacity of fill 83
Size of copy 42
Capacity of copy 43
7 7 7 7 7 7 7 7 7 7 7 7 7 7 7 7 7 7 7 7 7 7 7 7 7 7 7 7 7 7 7 7 7 7 7 7 7 7 7 7 7 7 
Size of empty 42
Capacity of empty 43
Size of copy 0
Capacity of copy 5


CLEAR
Size of empty 0
Capacity of empty 43
Size of copy 0
Capacity of copy 5


NON MEMBER functions
Size of fill 0
Capacity of fill 5
Size of copy 9
Capacity of copy 83
8 8 8 8 8 3 3 3 3 

RELATIONAL OPERATORS
copy and fill are equal ? false
copy and copy_2 are equal ? true

Real Vector
7 7 7 7 7 

